<?xml version="1.0" encoding="UTF-8"?>
<!-- Generated by org.testng.reporters.JUnitReportReporter -->
<testsuite hostname="LTIN222352" failures="0" tests="1" name="com.testCases.DisplayLanguagesandLevelsTest" time="82.184" errors="0" timestamp="2022-01-19T23:24:43 IST" skipped="0">
  <testcase classname="com.testCases.DisplayLanguagesandLevelsTest" name="displayLanguagesandLevelsTest15" time="82.184"/>
  <system-out/>
</testsuite> <!-- com.testCases.DisplayLanguagesandLevelsTest -->
